============================= test session starts ==============================
platform linux -- Python 3.12.3, pytest-9.0.3, pluggy-1.6.0 -- /usr/bin/python3
cachedir: .pytest_cache
rootdir: /home/claude/jarvis_tests
configfile: pytest.ini
plugins: cov-7.1.0
collecting ... collected 127 items

tests/test_classifier.py::TestSignClassifierInit::test_default_thresholds PASSED [  0%]
tests/test_classifier.py::TestSignClassifierInit::test_custom_thresholds PASSED [  1%]
tests/test_classifier.py::TestSignClassifierInit::test_empty_buffer_on_init PASSED [  2%]
tests/test_classifier.py::TestSignClassifierInit::test_zero_cooldown_on_init PASSED [  3%]
tests/test_classifier.py::TestPredictNoModel::test_predict_without_model_returns_none PASSED [  3%]
tests/test_classifier.py::TestPredictWithModel::test_single_prediction_below_confirm_threshold PASSED [  4%]
tests/test_classifier.py::TestPredictWithModel::test_confirm_after_enough_frames PASSED [  5%]
tests/test_classifier.py::TestPredictWithModel::test_cooldown_prevents_immediate_redetection PASSED [  6%]
tests/test_classifier.py::TestPredictWithModel::test_low_confidence_not_added_to_buffer PASSED [  7%]
tests/test_classifier.py::TestPredictWithModel::test_no_sign_detected_returns_none PASSED [  7%]
tests/test_classifier.py::TestPredictWithModel::test_both_signs_detectable PASSED [  8%]
tests/test_classifier.py::TestPredictWithModel::test_buffer_cleared_after_detection PASSED [  9%]
tests/test_classifier.py::TestResetBuffer::test_reset_clears_buffer PASSED [ 10%]
tests/test_classifier.py::TestResetBuffer::test_reset_clears_cooldown PASSED [ 11%]
tests/test_classifier.py::TestKeypointFormat::test_51_float_vector_accepted PASSED [ 11%]
tests/test_classifier.py::TestKeypointFormat::test_keypoints_passed_as_list_to_model PASSED [ 12%]
tests/test_claude_llm.py::TestClaudeLLMInit::test_default_model PASSED   [ 13%]
tests/test_claude_llm.py::TestClaudeLLMInit::test_custom_model PASSED    [ 14%]
tests/test_claude_llm.py::TestClaudeLLMInit::test_empty_message_history PASSED [ 14%]
tests/test_claude_llm.py::TestClaudeLLMInit::test_empty_system_prompt PASSED [ 15%]
tests/test_claude_llm.py::TestSetInstructions::test_set_instructions_stores_prompt PASSED [ 16%]
tests/test_claude_llm.py::TestSetInstructions::test_set_instructions_overwrite PASSED [ 17%]
tests/test_claude_llm.py::TestPrompt::test_prompt_returns_reply PASSED   [ 18%]
tests/test_claude_llm.py::TestPrompt::test_prompt_appends_to_history PASSED [ 18%]
tests/test_claude_llm.py::TestPrompt::test_prompt_history_accumulates PASSED [ 19%]
tests/test_claude_llm.py::TestPrompt::test_prompt_uses_system_prompt PASSED [ 20%]
tests/test_claude_llm.py::TestPrompt::test_prompt_sends_correct_model PASSED [ 21%]
tests/test_claude_llm.py::TestPrompt::test_prompt_max_tokens_300 PASSED  [ 22%]
tests/test_claude_llm.py::TestPrompt::test_api_error_returns_fallback PASSED [ 22%]
tests/test_claude_llm.py::TestPrompt::test_stream_returns_generator PASSED [ 23%]
tests/test_claude_llm.py::TestPrompt::test_sensor_trigger_skips_vision PASSED [ 24%]
tests/test_claude_llm.py::TestClearContext::test_clear_context_empties_history PASSED [ 25%]
tests/test_claude_llm.py::TestClearContext::test_prompt_after_clear_starts_fresh PASSED [ 25%]
tests/test_claude_llm.py::TestChat::test_chat_is_alias_for_prompt PASSED [ 26%]
tests/test_claude_llm.py::TestChat::test_chat_appends_to_history PASSED  [ 27%]
tests/test_face_detection.py::TestFaceMatching::test_exact_match_recognised PASSED [ 28%]
tests/test_face_detection.py::TestFaceMatching::test_close_match_within_tolerance PASSED [ 29%]
tests/test_face_detection.py::TestFaceMatching::test_match_at_tolerance_boundary PASSED [ 29%]
tests/test_face_detection.py::TestFaceMatching::test_beyond_tolerance_returns_unknown PASSED [ 30%]
tests/test_face_detection.py::TestFaceMatching::test_all_team_members_matched PASSED [ 31%]
tests/test_face_detection.py::TestFaceMatching::test_best_match_selected PASSED [ 32%]
tests/test_face_detection.py::TestFaceMatching::test_multiple_faces_detected PASSED [ 33%]
tests/test_face_detection.py::TestFaceMatching::test_no_faces_returns_empty PASSED [ 33%]
tests/test_face_detection.py::TestFaceMatching::test_confidence_calculation PASSED [ 34%]
tests/test_face_detection.py::TestFaceMatching::test_unknown_confidence_is_zero PASSED [ 35%]
tests/test_face_detection.py::TestPrintSuppression::test_new_person_should_print PASSED [ 36%]
tests/test_face_detection.py::TestPrintSuppression::test_same_person_should_not_print PASSED [ 37%]
tests/test_face_detection.py::TestPrintSuppression::test_different_person_should_print PASSED [ 37%]
tests/test_face_detection.py::TestPrintSuppression::test_none_to_name_should_print PASSED [ 38%]
tests/test_face_detection.py::TestPrintSuppression::test_name_to_none_comparison PASSED [ 39%]
tests/test_face_detection.py::TestPrintSuppression::test_all_team_members_print_on_first_detection PASSED [ 40%]
tests/test_face_detection.py::TestPrintSuppression::test_consecutive_same_person_suppressed PASSED [ 40%]
tests/test_face_detection.py::TestToleranceThreshold::test_custom_tolerance_stricter PASSED [ 41%]
tests/test_face_detection.py::TestToleranceThreshold::test_custom_tolerance_more_lenient PASSED [ 42%]
tests/test_face_detection.py::TestToleranceThreshold::test_production_tolerance_is_0_55 PASSED [ 43%]
tests/test_ipc.py::TestLastSeenIPC::test_write_name_creates_file PASSED  [ 44%]
tests/test_ipc.py::TestLastSeenIPC::test_write_and_read_name PASSED      [ 44%]
tests/test_ipc.py::TestLastSeenIPC::test_write_multiple_names_returns_last PASSED [ 45%]
tests/test_ipc.py::TestLastSeenIPC::test_read_nonexistent_file_returns_none PASSED [ 46%]
tests/test_ipc.py::TestLastSeenIPC::test_write_empty_string_returns_none PASSED [ 47%]
tests/test_ipc.py::TestLastSeenIPC::test_write_whitespace_returns_none PASSED [ 48%]
tests/test_ipc.py::TestLastSeenIPC::test_name_is_stripped_of_whitespace PASSED [ 48%]
tests/test_ipc.py::TestLastSeenIPC::test_all_team_members_writeable PASSED [ 49%]
tests/test_ipc.py::TestLastSeenIPC::test_write_returns_true_on_success PASSED [ 50%]
tests/test_ipc.py::TestLastSeenIPC::test_capitalised_name_preserved PASSED [ 51%]
tests/test_ipc.py::TestVisionSnapshotIPC::test_write_snapshot_creates_file PASSED [ 51%]
tests/test_ipc.py::TestVisionSnapshotIPC::test_write_snapshot_correct_content PASSED [ 52%]
tests/test_ipc.py::TestVisionSnapshotIPC::test_overwrite_snapshot PASSED [ 53%]
tests/test_ipc.py::TestVisionSnapshotIPC::test_snapshot_file_size_reasonable PASSED [ 54%]
tests/test_ipc.py::TestVisionSnapshotIPC::test_write_returns_true_on_success PASSED [ 55%]
tests/test_ipc.py::TestIPCRaceCondition::test_rapid_writes_readable PASSED [ 55%]
tests/test_ipc.py::TestIPCRaceCondition::test_read_after_rapid_writes PASSED [ 56%]
tests/test_mood.py::TestMoodSad::test_sorry_triggers_sad PASSED          [ 57%]
tests/test_mood.py::TestMoodSad::test_unfortunately_triggers_sad PASSED  [ 58%]
tests/test_mood.py::TestMoodSad::test_confused_triggers_sad PASSED       [ 59%]
tests/test_mood.py::TestMoodSad::test_disappointed_triggers_sad PASSED   [ 59%]
tests/test_mood.py::TestMoodSad::test_case_insensitive_sad PASSED        [ 60%]
tests/test_mood.py::TestMoodAngry::test_danger_triggers_angry PASSED     [ 61%]
tests/test_mood.py::TestMoodAngry::test_warning_triggers_angry PASSED    [ 62%]
tests/test_mood.py::TestMoodAngry::test_stop_triggers_angry PASSED       [ 62%]
tests/test_mood.py::TestMoodExcited::test_amazing_triggers_excited PASSED [ 63%]
tests/test_mood.py::TestMoodExcited::test_wonderful_triggers_excited PASSED [ 64%]
tests/test_mood.py::TestMoodExcited::test_awesome_triggers_excited PASSED [ 65%]
tests/test_mood.py::TestMoodHappy::test_hello_triggers_happy PASSED      [ 66%]
tests/test_mood.py::TestMoodHappy::test_welcome_triggers_happy PASSED    [ 66%]
tests/test_mood.py::TestMoodHappy::test_hey_triggers_happy PASSED        [ 67%]
tests/test_mood.py::TestMoodCurious::test_thinking_triggers_curious PASSED [ 68%]
tests/test_mood.py::TestMoodCurious::test_interesting_triggers_curious PASSED [ 69%]
tests/test_mood.py::TestMoodCurious::test_hmm_triggers_curious PASSED    [ 70%]
tests/test_mood.py::TestMoodCurious::test_calculating_triggers_curious PASSED [ 70%]
tests/test_mood.py::TestMoodNeutral::test_plain_response_is_neutral PASSED [ 71%]
tests/test_mood.py::TestMoodNeutral::test_empty_string_is_neutral PASSED [ 72%]
tests/test_mood.py::TestMoodNeutral::test_number_response_is_neutral PASSED [ 73%]
tests/test_mood.py::TestMoodNeutral::test_actions_line_is_neutral PASSED [ 74%]
tests/test_mood.py::TestMoodPriority::test_sad_takes_priority_over_excited PASSED [ 74%]
tests/test_mood.py::TestMoodPriority::test_angry_takes_priority_over_happy PASSED [ 75%]
tests/test_vision_keywords.py::TestVisionKeywords::test_see_triggers_vision PASSED [ 76%]
tests/test_vision_keywords.py::TestVisionKeywords::test_look_triggers_vision PASSED [ 77%]
tests/test_vision_keywords.py::TestVisionKeywords::test_describe_triggers_vision PASSED [ 77%]
tests/test_vision_keywords.py::TestVisionKeywords::test_who_triggers_vision PASSED [ 78%]
tests/test_vision_keywords.py::TestVisionKeywords::test_face_triggers_vision PASSED [ 79%]
tests/test_vision_keywords.py::TestVisionKeywords::test_solve_triggers_vision PASSED [ 80%]
tests/test_vision_keywords.py::TestVisionKeywords::test_math_triggers_vision PASSED [ 81%]
tests/test_vision_keywords.py::TestVisionKeywords::test_wearing_triggers_vision PASSED [ 81%]
tests/test_vision_keywords.py::TestVisionKeywords::test_holding_triggers_vision PASSED [ 82%]
tests/test_vision_keywords.py::TestVisionKeywords::test_colour_triggers_vision PASSED [ 83%]
tests/test_vision_keywords.py::TestVisionKeywords::test_color_american_spelling_triggers_vision PASSED [ 84%]
tests/test_vision_keywords.py::TestVisionKeywords::test_this_triggers_vision PASSED [ 85%]
tests/test_vision_keywords.py::TestVisionKeywords::test_sign_triggers_vision PASSED [ 85%]
tests/test_vision_keywords.py::TestVisionKeywords::test_whats_triggers_vision PASSED [ 86%]
tests/test_vision_keywords.py::TestVisionKeywords::test_case_insensitive PASSED [ 87%]
tests/test_vision_keywords.py::TestNonVisionQueries::test_general_question_no_vision PASSED [ 88%]
tests/test_vision_keywords.py::TestNonVisionQueries::test_math_calculation_no_vision PASSED [ 88%]
tests/test_vision_keywords.py::TestNonVisionQueries::test_bark_command_no_vision PASSED [ 89%]
tests/test_vision_keywords.py::TestNonVisionQueries::test_action_request_no_vision PASSED [ 90%]
tests/test_vision_keywords.py::TestNonVisionQueries::test_empty_string_no_vision PASSED [ 91%]
tests/test_vision_keywords.py::TestNonVisionQueries::test_name_question_no_vision PASSED [ 92%]
tests/test_vision_keywords.py::TestSensorTriggerExclusion::test_touch_trigger_skips_vision PASSED [ 92%]
tests/test_vision_keywords.py::TestSensorTriggerExclusion::test_ultrasonic_trigger_skips_vision PASSED [ 93%]
tests/test_vision_keywords.py::TestSensorTriggerExclusion::test_battery_trigger_skips_vision PASSED [ 94%]
tests/test_vision_keywords.py::TestSensorTriggerExclusion::test_normal_vision_request_not_sensor PASSED [ 95%]
tests/test_vision_keywords.py::TestSensorTriggerExclusion::test_sensor_trigger_with_vision_keyword_skips_vision PASSED [ 96%]
tests/test_vision_keywords.py::TestEdgeCases::test_partial_keyword_match PASSED [ 96%]
tests/test_vision_keywords.py::TestEdgeCases::test_keyword_in_middle_of_sentence PASSED [ 97%]
tests/test_vision_keywords.py::TestEdgeCases::test_multiple_keywords PASSED [ 98%]
tests/test_vision_keywords.py::TestEdgeCases::test_whitespace_only PASSED [ 99%]
tests/test_vision_keywords.py::TestEdgeCases::test_punctuation_only PASSED [100%]

============================= 127 passed in 0.17s ==============================
